2022-12-16 09:26:03.565  INFO 7164 --- [restartedMain] c.c.D.DailySharePriceApplication         : Starting DailySharePriceApplication using Java 13.0.2 on DESKTOP-CR3K4ID with PID 7164 (C:\Users\Lenovo\Downloads\DailySharePrice\target\classes started by Lenovo in C:\Users\Lenovo\Downloads\DailySharePrice)
2022-12-16 09:26:03.612  INFO 7164 --- [restartedMain] c.c.D.DailySharePriceApplication         : No active profile set, falling back to 1 default profile: "default"
2022-12-16 09:26:03.836  INFO 7164 --- [restartedMain] .e.DevToolsPropertyDefaultsPostProcessor : Devtools property defaults active! Set 'spring.devtools.add-properties' to 'false' to disable
2022-12-16 09:26:03.946  INFO 7164 --- [restartedMain] .e.DevToolsPropertyDefaultsPostProcessor : For additional web related logging consider setting the 'logging.level.web' property to 'DEBUG'
2022-12-16 09:26:11.678  INFO 7164 --- [restartedMain] .s.d.r.c.RepositoryConfigurationDelegate : Bootstrapping Spring Data JPA repositories in DEFAULT mode.
2022-12-16 09:26:12.589  INFO 7164 --- [restartedMain] .s.d.r.c.RepositoryConfigurationDelegate : Finished Spring Data repository scanning in 867 ms. Found 1 JPA repository interfaces.
2022-12-16 09:26:14.115  INFO 7164 --- [restartedMain] o.s.cloud.context.scope.GenericScope     : BeanFactory id=cc7b4db4-97b5-3a6b-9431-5135d6ecb430
2022-12-16 09:26:18.253  INFO 7164 --- [restartedMain] o.s.b.w.embedded.tomcat.TomcatWebServer  : Tomcat initialized with port(s): 7000 (http)
2022-12-16 09:26:18.311  INFO 7164 --- [restartedMain] o.apache.catalina.core.StandardService   : Starting service [Tomcat]
2022-12-16 09:26:18.313  INFO 7164 --- [restartedMain] org.apache.catalina.core.StandardEngine  : Starting Servlet engine: [Apache Tomcat/9.0.63]
2022-12-16 09:26:18.850  INFO 7164 --- [restartedMain] o.a.c.c.C.[Tomcat].[localhost].[/]       : Initializing Spring embedded WebApplicationContext
2022-12-16 09:26:18.851  INFO 7164 --- [restartedMain] w.s.c.ServletWebServerApplicationContext : Root WebApplicationContext: initialization completed in 14903 ms
2022-12-16 09:26:19.097  INFO 7164 --- [restartedMain] com.zaxxer.hikari.HikariDataSource       : HikariPool-1 - Starting...
2022-12-16 09:26:20.537  INFO 7164 --- [restartedMain] com.zaxxer.hikari.HikariDataSource       : HikariPool-1 - Start completed.
2022-12-16 09:26:20.576  INFO 7164 --- [restartedMain] o.s.b.a.h2.H2ConsoleAutoConfiguration    : H2 console available at '/h2-console'. Database available at 'jdbc:h2:mem:DailySharePrice'
2022-12-16 09:26:21.798  INFO 7164 --- [restartedMain] o.hibernate.jpa.internal.util.LogHelper  : HHH000204: Processing PersistenceUnitInfo [name: default]
2022-12-16 09:26:22.595  INFO 7164 --- [restartedMain] org.hibernate.Version                    : HHH000412: Hibernate ORM core version 5.6.9.Final
2022-12-16 09:26:24.882  INFO 7164 --- [restartedMain] o.hibernate.annotations.common.Version   : HCANN000001: Hibernate Commons Annotations {5.1.2.Final}
2022-12-16 09:26:26.054  INFO 7164 --- [restartedMain] org.hibernate.dialect.Dialect            : HHH000400: Using dialect: org.hibernate.dialect.H2Dialect
2022-12-16 09:26:29.672  INFO 7164 --- [restartedMain] o.h.e.t.j.p.i.JtaPlatformInitiator       : HHH000490: Using JtaPlatform implementation: [org.hibernate.engine.transaction.jta.platform.internal.NoJtaPlatform]
2022-12-16 09:26:29.751  INFO 7164 --- [restartedMain] j.LocalContainerEntityManagerFactoryBean : Initialized JPA EntityManagerFactory for persistence unit 'default'
2022-12-16 09:26:30.293  WARN 7164 --- [restartedMain] JpaBaseConfiguration$JpaWebConfiguration : spring.jpa.open-in-view is enabled by default. Therefore, database queries may be performed during view rendering. Explicitly configure spring.jpa.open-in-view to disable this warning
2022-12-16 09:26:30.390  WARN 7164 --- [restartedMain] o.s.b.d.a.OptionalLiveReloadServer       : Unable to start LiveReload server
2022-12-16 09:26:33.703  INFO 7164 --- [restartedMain] pertySourcedRequestMappingHandlerMapping : Mapped URL path [/v2/api-docs] onto method [springfox.documentation.swagger2.web.Swagger2Controller#getDocumentation(String, HttpServletRequest)]
2022-12-16 09:26:35.864  INFO 7164 --- [restartedMain] DiscoveryClientOptionalArgsConfiguration : Eureka HTTP Client uses RestTemplate.
2022-12-16 09:26:36.953  WARN 7164 --- [restartedMain] iguration$LoadBalancerCaffeineWarnLogger : Spring Cloud LoadBalancer is currently working with the default cache. While this cache implementation is useful for development and tests, it's recommended to use Caffeine cache in production.You can switch to using Caffeine cache, by adding it and org.springframework.cache.caffeine.CaffeineCacheManager to the classpath.
2022-12-16 09:26:37.073  INFO 7164 --- [restartedMain] o.s.c.n.eureka.InstanceInfoFactory       : Setting initial instance status as: STARTING
2022-12-16 09:26:37.545  INFO 7164 --- [restartedMain] com.netflix.discovery.DiscoveryClient    : Initializing Eureka in region us-east-1
2022-12-16 09:26:37.573  INFO 7164 --- [restartedMain] c.n.d.s.r.aws.ConfigClusterResolver      : Resolving eureka endpoints via configuration
2022-12-16 09:26:37.678  INFO 7164 --- [restartedMain] com.netflix.discovery.DiscoveryClient    : Disable delta property : false
2022-12-16 09:26:37.679  INFO 7164 --- [restartedMain] com.netflix.discovery.DiscoveryClient    : Single vip registry refresh property : null
2022-12-16 09:26:37.679  INFO 7164 --- [restartedMain] com.netflix.discovery.DiscoveryClient    : Force full registry fetch : false
2022-12-16 09:26:37.679  INFO 7164 --- [restartedMain] com.netflix.discovery.DiscoveryClient    : Application is null : false
2022-12-16 09:26:37.710  INFO 7164 --- [restartedMain] com.netflix.discovery.DiscoveryClient    : Registered Applications size is zero : true
2022-12-16 09:26:37.710  INFO 7164 --- [restartedMain] com.netflix.discovery.DiscoveryClient    : Application version is -1: true
2022-12-16 09:26:37.710  INFO 7164 --- [restartedMain] com.netflix.discovery.DiscoveryClient    : Getting all instance registry info from the eureka server
2022-12-16 09:26:39.661  INFO 7164 --- [restartedMain] com.netflix.discovery.DiscoveryClient    : The response status is 200
2022-12-16 09:26:39.676  INFO 7164 --- [restartedMain] com.netflix.discovery.DiscoveryClient    : Starting heartbeat executor: renew interval is: 30
2022-12-16 09:26:39.686  INFO 7164 --- [restartedMain] c.n.discovery.InstanceInfoReplicator     : InstanceInfoReplicator onDemand update allowed rate per min is 4
2022-12-16 09:26:39.705  INFO 7164 --- [restartedMain] com.netflix.discovery.DiscoveryClient    : Discovery Client initialized at timestamp 1671162999703 with initial instances count: 0
2022-12-16 09:26:39.712  INFO 7164 --- [restartedMain] o.s.c.n.e.s.EurekaServiceRegistry        : Registering application DAILY-SHARE-PRICE with eureka with status UP
2022-12-16 09:26:39.714  INFO 7164 --- [restartedMain] com.netflix.discovery.DiscoveryClient    : Saw local status change event StatusChangeEvent [timestamp=1671162999714, current=UP, previous=STARTING]
2022-12-16 09:26:39.721  INFO 7164 --- [DiscoveryClient-InstanceInfoReplicator-0] com.netflix.discovery.DiscoveryClient    : DiscoveryClient_DAILY-SHARE-PRICE/DESKTOP-CR3K4ID:daily-share-price:7000: registering service...
2022-12-16 09:26:40.280  INFO 7164 --- [DiscoveryClient-InstanceInfoReplicator-0] com.netflix.discovery.DiscoveryClient    : DiscoveryClient_DAILY-SHARE-PRICE/DESKTOP-CR3K4ID:daily-share-price:7000 - registration status: 204
2022-12-16 09:26:40.442  INFO 7164 --- [restartedMain] o.s.b.w.embedded.tomcat.TomcatWebServer  : Tomcat started on port(s): 7000 (http) with context path ''
2022-12-16 09:26:40.447  INFO 7164 --- [restartedMain] .s.c.n.e.s.EurekaAutoServiceRegistration : Updating port to 7000
2022-12-16 09:26:41.161  INFO 7164 --- [restartedMain] d.s.w.p.DocumentationPluginsBootstrapper : Context refreshed
2022-12-16 09:26:41.249  INFO 7164 --- [restartedMain] d.s.w.p.DocumentationPluginsBootstrapper : Found 1 custom documentation plugin(s)
2022-12-16 09:26:41.461  INFO 7164 --- [restartedMain] s.d.s.w.s.ApiListingReferenceScanner     : Scanning for api listing references
2022-12-16 09:26:41.936  INFO 7164 --- [restartedMain] c.c.D.DailySharePriceApplication         : Started DailySharePriceApplication in 40.404 seconds (JVM running for 43.627)
2022-12-16 09:27:09.691  INFO 7164 --- [DiscoveryClient-CacheRefreshExecutor-0] com.netflix.discovery.DiscoveryClient    : Disable delta property : false
2022-12-16 09:27:09.692  INFO 7164 --- [DiscoveryClient-CacheRefreshExecutor-0] com.netflix.discovery.DiscoveryClient    : Single vip registry refresh property : null
2022-12-16 09:27:09.693  INFO 7164 --- [DiscoveryClient-CacheRefreshExecutor-0] com.netflix.discovery.DiscoveryClient    : Force full registry fetch : false
2022-12-16 09:27:09.698  INFO 7164 --- [DiscoveryClient-CacheRefreshExecutor-0] com.netflix.discovery.DiscoveryClient    : Application is null : false
2022-12-16 09:27:09.699  INFO 7164 --- [DiscoveryClient-CacheRefreshExecutor-0] com.netflix.discovery.DiscoveryClient    : Registered Applications size is zero : true
2022-12-16 09:27:09.699  INFO 7164 --- [DiscoveryClient-CacheRefreshExecutor-0] com.netflix.discovery.DiscoveryClient    : Application version is -1: false
2022-12-16 09:27:09.700  INFO 7164 --- [DiscoveryClient-CacheRefreshExecutor-0] com.netflix.discovery.DiscoveryClient    : Getting all instance registry info from the eureka server
2022-12-16 09:27:09.781  INFO 7164 --- [DiscoveryClient-CacheRefreshExecutor-0] com.netflix.discovery.DiscoveryClient    : The response status is 200
2022-12-16 09:31:37.723  INFO 7164 --- [AsyncResolver-bootstrap-executor-0] c.n.d.s.r.aws.ConfigClusterResolver      : Resolving eureka endpoints via configuration
2022-12-16 09:32:11.503  INFO 7164 --- [Thread-1] o.s.c.n.e.s.EurekaServiceRegistry        : Unregistering application DAILY-SHARE-PRICE with eureka with status DOWN
2022-12-16 09:32:11.505  INFO 7164 --- [Thread-1] com.netflix.discovery.DiscoveryClient    : Saw local status change event StatusChangeEvent [timestamp=1671163331505, current=DOWN, previous=UP]
2022-12-16 09:32:11.509  INFO 7164 --- [DiscoveryClient-InstanceInfoReplicator-0] com.netflix.discovery.DiscoveryClient    : DiscoveryClient_DAILY-SHARE-PRICE/DESKTOP-CR3K4ID:daily-share-price:7000: registering service...
2022-12-16 09:32:11.540  INFO 7164 --- [DiscoveryClient-InstanceInfoReplicator-0] com.netflix.discovery.DiscoveryClient    : DiscoveryClient_DAILY-SHARE-PRICE/DESKTOP-CR3K4ID:daily-share-price:7000 - registration status: 204
2022-12-16 09:32:12.845  INFO 7164 --- [Thread-1] j.LocalContainerEntityManagerFactoryBean : Closing JPA EntityManagerFactory for persistence unit 'default'
2022-12-16 09:32:13.324  WARN 7164 --- [Thread-1] o.s.b.f.support.DisposableBeanAdapter    : Invocation of destroy method failed on bean with name 'inMemoryDatabaseShutdownExecutor': org.h2.jdbc.JdbcSQLNonTransientConnectionException: Database is already closed (to disable automatic closing at VM shutdown, add ";DB_CLOSE_ON_EXIT=FALSE" to the db URL) [90121-212]
2022-12-16 09:32:13.327  INFO 7164 --- [Thread-1] com.zaxxer.hikari.HikariDataSource       : HikariPool-1 - Shutdown initiated...
2022-12-16 09:32:13.341  INFO 7164 --- [Thread-1] com.zaxxer.hikari.HikariDataSource       : HikariPool-1 - Shutdown completed.
2022-12-16 09:32:13.346  INFO 7164 --- [Thread-1] com.netflix.discovery.DiscoveryClient    : Shutting down DiscoveryClient ...
2022-12-16 09:32:16.364  INFO 7164 --- [Thread-1] com.netflix.discovery.DiscoveryClient    : Unregistering ...
2022-12-16 09:32:16.393  INFO 7164 --- [Thread-1] com.netflix.discovery.DiscoveryClient    : DiscoveryClient_DAILY-SHARE-PRICE/DESKTOP-CR3K4ID:daily-share-price:7000 - deregister  status: 200
2022-12-16 09:32:16.451  INFO 7164 --- [Thread-1] com.netflix.discovery.DiscoveryClient    : Completed shut down of DiscoveryClient
